13:44:40.585 - === КАНБАН WPF ДЕМО-ВЕРСИЯ ЗАПУЩЕНА ===
13:44:41.087 - Окно загружено
13:47:04.751 - ЗНП изменен: 'О'
13:47:06.509 - ЗНП изменен: 'J'
13:47:07.671 - ЗНП изменен: 'J0'
13:47:07.820 - ЗНП изменен: 'J00'
13:47:07.988 - ЗНП изменен: 'J000'
13:47:08.148 - ЗНП изменен: 'J0000'
13:47:08.773 - ЗНП изменен: 'J00001'
13:47:09.004 - ЗНП изменен: 'J000018'
13:47:09.142 - ЗНП изменен: 'J0000188'
13:47:09.326 - ЗНП изменен: 'J00001886'
13:47:09.501 - ЗНП изменен: 'J000018869'
13:47:11.528 - Суффикс изменен: '2'
13:47:12.277 - Суффикс изменен: '26'
13:47:12.504 - Суффикс изменен: '260'
13:47:12.638 - Суффикс изменен: '2600'
13:47:13.598 - === НАЧАЛО ПРЕДПРОСМОТРА #1 ===
13:47:14.113 - Предпросмотр #1 создан
13:49:38.892 - === КАНБАН WPF ДЕМО-ВЕРСИЯ ЗАПУЩЕНА ===
13:49:39.131 - Окно загружено
13:49:39.945 - ЗНП изменен: 'ф'
13:49:40.014 - ЗНП изменен: 'фы'
13:49:40.112 - ЗНП изменен: 'фыв'
13:49:40.241 - ЗНП изменен: 'фывф'
13:49:40.334 - ЗНП изменен: 'фывфы'
13:49:40.383 - ЗНП изменен: 'фывфыв'
13:49:40.510 - ЗНП изменен: 'фывфывф'
13:49:40.583 - ЗНП изменен: 'фывфывфы'
13:49:40.638 - ЗНП изменен: 'фывфывфыв'
13:50:37.847 - === КАНБАН WPF ДЕМО-ВЕРСИЯ ЗАПУЩЕНА ===
13:50:38.062 - Окно загружено
13:50:40.317 - ЗНП изменен: '1'
13:50:40.422 - ЗНП изменен: '11'
13:50:40.495 - ЗНП изменен: '113'
13:50:40.590 - ЗНП изменен: '1131'
13:50:40.598 - ЗНП изменен: '11313'
13:50:40.862 - ЗНП изменен: '113133'
13:50:40.951 - ЗНП изменен: '1131331'
13:50:41.006 - ЗНП изменен: '11313313'
13:50:41.037 - ЗНП изменен: '113133138'
13:50:54.525 - === КАНБАН WPF ДЕМО-ВЕРСИЯ ЗАПУЩЕНА ===
13:50:54.696 - Окно загружено
13:50:55.962 - ЗНП изменен: '1'
13:50:56.047 - ЗНП изменен: '13'
13:50:56.087 - ЗНП изменен: '131'
13:50:56.224 - ЗНП изменен: '1311'
13:50:56.288 - ЗНП изменен: '13113'
13:50:56.293 - ЗНП изменен: '131132'
13:50:56.366 - ЗНП изменен: '1311321'
13:50:56.390 - ЗНП изменен: '13113213'
13:50:57.846 - Суффикс изменен: '1'
13:50:58.055 - Суффикс изменен: '13'
13:50:58.058 - Суффикс изменен: '132'
13:50:58.142 - Суффикс изменен: '1321'
13:50:58.217 - Суффикс изменен: '13213'
13:50:58.231 - Суффикс изменен: '132132'
13:50:58.302 - Суффикс изменен: '1321321'
13:50:58.377 - Суффикс изменен: '13213213'
13:50:58.472 - Суффикс изменен: '132132131'
13:50:58.519 - Суффикс изменен: '1321321313'
13:51:27.567 - === КАНБАН WPF ДЕМО-ВЕРСИЯ ЗАПУЩЕНА ===
13:51:27.723 - Окно загружено
13:51:29.350 - ЗНП изменен: '1'
13:51:29.428 - ЗНП изменен: '13'
13:51:29.446 - ЗНП изменен: '132'
13:51:29.449 - ЗНП изменен: '1321'
13:51:29.660 - ЗНП изменен: '13213'
13:51:29.665 - ЗНП изменен: '132132'
13:51:29.702 - ЗНП изменен: '1321321'
13:51:29.775 - ЗНП изменен: '13213213'
13:51:29.823 - ЗНП изменен: '132132131'
13:51:29.977 - ЗНП изменен: '1321321311'
13:51:30.007 - ЗНП изменен: '13213213113'
13:51:30.150 - ЗНП изменен: '132132131132'
13:51:30.190 - ЗНП изменен: '1321321311321'
13:51:30.270 - ЗНП изменен: '13213213113213'
13:51:30.414 - ЗНП изменен: '132132131132133'
13:51:31.417 - ЗНП изменен: '13213213113213'
13:51:31.928 - ЗНП изменен: '1321321311321'
13:51:31.958 - ЗНП изменен: '132132131132'
13:51:31.990 - ЗНП изменен: '13213213113'
13:51:32.022 - ЗНП изменен: '1321321311'
13:51:32.051 - ЗНП изменен: '132132131'
13:51:32.084 - ЗНП изменен: '13213213'
13:51:32.114 - ЗНП изменен: '1321321'
13:51:32.146 - ЗНП изменен: '132132'
13:51:32.192 - ЗНП изменен: '13213'
13:51:32.224 - ЗНП изменен: '1321'
13:51:32.255 - ЗНП изменен: '132'
13:51:32.287 - ЗНП изменен: '13'
13:51:32.318 - ЗНП изменен: '1'
13:52:32.234 - === КАНБАН WPF ДЕМО-ВЕРСИЯ ЗАПУЩЕНА ===
13:52:32.431 - Окно загружено
13:52:33.116 - ЗНП изменен: '6'
13:52:33.225 - ЗНП изменен: '66'
13:52:33.320 - ЗНП изменен: '664'
13:52:33.375 - ЗНП изменен: '6645'
13:52:33.456 - ЗНП изменен: '66453'
13:52:33.486 - ЗНП изменен: '664537'
13:52:33.647 - ЗНП изменен: '6645374'
13:52:33.726 - ЗНП изменен: '66453745'
13:52:33.806 - ЗНП изменен: '664537456'
13:52:33.809 - ЗНП изменен: '6645374567'
13:52:33.854 - ЗНП изменен: '66453745673'
13:52:33.934 - ЗНП изменен: '664537456734'
13:52:33.974 - ЗНП изменен: '6645374567345'
13:52:33.977 - ЗНП изменен: '66453745673456'
13:52:34.086 - ЗНП изменен: '664537456734563'
13:52:34.231 - Суффикс изменен: '5'
13:52:34.311 - Суффикс изменен: '53'
13:52:34.314 - Суффикс изменен: '536'
13:52:34.367 - Суффикс изменен: '5364'
13:52:34.415 - Суффикс изменен: '53645'
13:52:34.488 - Суффикс изменен: '536456'
13:52:34.568 - Суффикс изменен: '5364563'
13:52:34.632 - Суффикс изменен: '53645634'
13:52:34.712 - Суффикс изменен: '536456345'
13:52:34.750 - Суффикс изменен: '5364563456'
13:52:34.863 - Суффикс изменен: '53645634563'
13:52:34.886 - Суффикс изменен: '536456345634'
13:52:34.991 - Суффикс изменен: '5364563456345'
13:52:35.030 - Суффикс изменен: '53645634563456'
13:57:05.611 - === КАНБАН WPF ДЕМО-ВЕРСИЯ ЗАПУЩЕНА ===
13:57:05.814 - Окно загружено
13:57:12.000 - ЗНП изменен: '2'
13:57:12.023 - ЗНП изменен: '23'
13:57:12.030 - ЗНП изменен: '234'
13:57:12.136 - ЗНП изменен: '2345'
13:57:12.232 - ЗНП изменен: '23452'
13:57:12.265 - ЗНП изменен: '234523'
13:57:12.402 - ЗНП изменен: '2345235'
13:57:12.411 - ЗНП изменен: '23452354'
13:57:12.536 - ЗНП изменен: '234523542'
13:57:12.567 - ЗНП изменен: '2345235423'
13:57:12.646 - ЗНП изменен: '23452354234'
13:57:12.686 - ЗНП изменен: '234523542345'
13:57:12.855 - ЗНП изменен: '2345235423452'
13:57:12.859 - ЗНП изменен: '23452354234523'
13:57:12.920 - Суффикс изменен: '4'
13:57:12.953 - Суффикс изменен: '45'
13:57:13.089 - Суффикс изменен: '452'
13:57:13.113 - Суффикс изменен: '4523'
13:57:13.210 - Суффикс изменен: '45234'
13:57:13.255 - Суффикс изменен: '452345'
13:57:13.327 - Суффикс изменен: '4523452'
13:57:13.418 - Суффикс изменен: '45234523'
13:57:13.479 - Суффикс изменен: '452345234'
13:57:13.543 - Суффикс изменен: '4523452345'
13:57:13.639 - Суффикс изменен: '45234523452'
13:57:13.702 - Суффикс изменен: '452345234523'
13:57:43.807 - ЗНП изменен: 'D'
13:57:44.010 - ЗНП изменен: 'DE'
13:57:44.090 - ЗНП изменен: 'DEM'
13:57:44.201 - ЗНП изменен: 'DEMO'
13:57:45.496 - ЗНП изменен: 'DEMO0'
13:57:45.665 - ЗНП изменен: 'DEMO00'
13:57:45.824 - ЗНП изменен: 'DEMO001'
13:57:47.752 - Суффикс изменен: '1'
13:57:47.953 - Суффикс изменен: '10'
13:57:48.097 - Суффикс изменен: '100'
13:57:48.271 - Суффикс изменен: '1001'
13:57:49.214 - === НАЧАЛО ПРЕДПРОСМОТРА #1 ===
13:57:49.731 - Предпросмотр #1 создан
14:01:34.140 - === КАНБАН ДЕМО-ВЕРСИЯ ЗАПУЩЕНА ===
14:01:34.422 - Окно загружено
14:01:37.239 - ЗНП изменен: 'D'
14:01:37.428 - ЗНП изменен: 'DE'
14:01:37.821 - ЗНП изменен: 'DEM'
14:01:37.932 - ЗНП изменен: 'DEMO'
14:01:38.923 - ЗНП изменен: 'DEMO0'
14:01:39.085 - ЗНП изменен: 'DEMO00'
14:01:39.308 - ЗНП изменен: 'DEMO001'
14:01:40.763 - Суффикс изменен: '1'
14:01:40.972 - Суффикс изменен: '10'
14:01:41.115 - Суффикс изменен: '100'
14:01:41.275 - Суффикс изменен: '1001'
14:01:42.204 - === НАЧАЛО ПРЕДПРОСМОТРА #1 ===
14:01:42.727 - Предпросмотр #1 создан
14:06:54.319 - === КАНБАН ДЕМО (ЗАВОД N) ЗАПУЩЕН ===
14:06:54.613 - Окно загружено
14:06:57.029 - ЗНП изменен: 'в'
14:06:57.162 - ЗНП изменен: 'ву'
14:06:57.878 - ЗНП изменен: 'в'
14:06:58.451 - ЗНП изменен: 'D'
14:06:58.660 - ЗНП изменен: 'DE'
14:06:58.789 - ЗНП изменен: 'DEM'
14:06:58.885 - ЗНП изменен: 'DEMO'
14:06:58.923 - ЗНП изменен: 'DEMOI'
14:06:59.811 - ЗНП изменен: 'DEMO'
14:07:00.196 - ЗНП изменен: 'DEMO0'
14:07:00.372 - ЗНП изменен: 'DEMO00'
14:07:00.563 - ЗНП изменен: 'DEMO001'
14:07:02.301 - Суффикс изменен: '1'
14:07:02.644 - Суффикс изменен: '10'
14:07:02.827 - Суффикс изменен: '100'
14:07:02.995 - Суффикс изменен: '1001'
14:07:04.147 - === НАЧАЛО ПРЕДПРОСМОТРА #1 ===
14:07:04.667 - Предпросмотр #1 создан
14:12:52.383 - === КАНБАН ДЕМО (ЗАВОД N) ЗАПУЩЕН ===
14:12:52.586 - Окно загружено
14:12:54.425 - ЗНП изменен: '9'
14:12:54.430 - ЗНП изменен: '97'
14:12:54.437 - ЗНП изменен: '974'
14:12:54.599 - ЗНП изменен: '9749'
14:12:54.608 - ЗНП изменен: '97498'
14:12:54.613 - ЗНП изменен: '974984'
14:12:54.743 - ЗНП изменен: '9749849'
14:12:56.277 - Суффикс изменен: '9'
14:12:56.280 - Суффикс изменен: '98'
14:12:56.283 - Суффикс изменен: '984'
14:12:57.467 - === НАЧАЛО ПРЕДПРОСМОТРА #1 ===
14:12:57.977 - Предпросмотр #1 создан
